2019-07-25 10:11:10,572 INFO o.a.j.u.JMeterUtils: Setting Locale to en_EN
2019-07-25 10:11:10,615 INFO o.a.j.JMeter: Loading user properties from: /usr/local/Cellar/jmeter/5.1.1/libexec/bin/user.properties
2019-07-25 10:11:10,615 INFO o.a.j.JMeter: Loading system properties from: /usr/local/Cellar/jmeter/5.1.1/libexec/bin/system.properties
2019-07-25 10:11:10,623 INFO o.a.j.JMeter: Copyright (c) 1998-2019 The Apache Software Foundation
2019-07-25 10:11:10,623 INFO o.a.j.JMeter: Version 5.1.1 r1855137
2019-07-25 10:11:10,623 INFO o.a.j.JMeter: java.version=1.8.0_161
2019-07-25 10:11:10,623 INFO o.a.j.JMeter: java.vm.name=Java HotSpot(TM) 64-Bit Server VM
2019-07-25 10:11:10,623 INFO o.a.j.JMeter: os.name=Mac OS X
2019-07-25 10:11:10,623 INFO o.a.j.JMeter: os.arch=x86_64
2019-07-25 10:11:10,623 INFO o.a.j.JMeter: os.version=10.14.5
2019-07-25 10:11:10,623 INFO o.a.j.JMeter: file.encoding=UTF-8
2019-07-25 10:11:10,623 INFO o.a.j.JMeter: java.awt.headless=null
2019-07-25 10:11:10,624 INFO o.a.j.JMeter: Max memory     =1073741824
2019-07-25 10:11:10,624 INFO o.a.j.JMeter: Available Processors =8
2019-07-25 10:11:10,632 INFO o.a.j.JMeter: Default Locale=English (EN)
2019-07-25 10:11:10,632 INFO o.a.j.JMeter: JMeter  Locale=English (EN)
2019-07-25 10:11:10,632 INFO o.a.j.JMeter: JMeterHome=/usr/local/Cellar/jmeter/5.1.1/libexec
2019-07-25 10:11:10,632 INFO o.a.j.JMeter: user.dir  =/Volumes/working/go/tracking_event
2019-07-25 10:11:10,633 INFO o.a.j.JMeter: PWD       =/Volumes/working/go/tracking_event
2019-07-25 10:11:10,674 INFO o.a.j.JMeter: IP: 192.168.1.104 Name: Tuans-MacBook-Pro-503.local FullName: 192.168.1.104
